<?xml version="1.0" encoding="UTF-8"?>
<testsuite xmlns:xsi="http://www.w3.org/2001/XMLSchema-instance" xsi:noNamespaceSchemaLocation="https://maven.apache.org/surefire/maven-surefire-plugin/xsd/surefire-test-report.xsd" version="3.0.2" name="com.motogarage.backend.BackendApplicationTests" time="4.491" tests="1" errors="0" skipped="0" failures="0">
  <properties>
[...]
</properties>
  <testcase name="contextLoads" classname="com.motogarage.backend.BackendApplicationTests" time="0.339">
    <system-out><![CDATA[13:24:48.196 [main] INFO org.springframework.test.context.support.AnnotationConfigContextLoaderUtils -- Could not detect default configuration classes for test class [com.motogarage.backend.BackendApplicationTests]: BackendApplicationTests does not declare any static, non-private, non-final, nested classes annotated with @Configuration.
13:24:48.331 [main] INFO org.springframework.boot.test.context.SpringBootTestContextBootstrapper -- Found @SpringBootConfiguration com.motogarage.backend.BackendApplication for test class com.motogarage.backend.BackendApplicationTests
13:24:48.481 [main] INFO org.springframework.boot.devtools.restart.RestartApplicationListener -- Restart disabled due to context in which it is running

  .   ____          _            __ _ _
 /\\ / ___'_ __ _ _(_)_ __  __ _ \ \ \ \
( ( )\___ | '_ | '_| | '_ \/ _` | \ \ \ \
 \\/  ___)| |_)| | | | | || (_| |  ) ) ) )
  '  |____| .__|_| |_|_| |_\__, | / / / /
 =========|_|==============|___/=/_/_/_/

 :: Spring Boot ::                (v4.0.2)

2026-02-05T13:24:48.702+01:00  INFO 9268 --- [           main] c.m.backend.BackendApplicationTests      : Starting BackendApplicationTests using Java 21.0.9 with PID 9268 (started by Sergio in C:\Users\Sergio\motogarage\backend)
2026-02-05T13:24:48.704+01:00  INFO 9268 --- [           main] c.m.backend.BackendApplicationTests      : No active profile set, falling back to 1 default profile: "default"
2026-02-05T13:24:49.307+01:00  INFO 9268 --- [           main] .s.d.r.c.RepositoryConfigurationDelegate : Bootstrapping Spring Data JPA repositories in DEFAULT mode.
2026-02-05T13:24:49.356+01:00  INFO 9268 --- [           main] .s.d.r.c.RepositoryConfigurationDelegate : Finished Spring Data repository scanning in 41 ms. Found 3 JPA repository interfaces.
2026-02-05T13:24:49.681+01:00  INFO 9268 --- [           main] org.hibernate.orm.jpa                    : HHH008540: Processing PersistenceUnitInfo [name: default]
2026-02-05T13:24:49.738+01:00  INFO 9268 --- [           main] org.hibernate.orm.core                   : HHH000001: Hibernate ORM core version 7.2.1.Final
2026-02-05T13:24:50.247+01:00  INFO 9268 --- [           main] o.s.o.j.p.SpringPersistenceUnitInfo      : No LoadTimeWeaver setup: ignoring JPA class transformer
2026-02-05T13:24:50.282+01:00  INFO 9268 --- [           main] com.zaxxer.hikari.HikariDataSource       : HikariPool-1 - Starting...
2026-02-05T13:24:50.416+01:00  INFO 9268 --- [           main] com.zaxxer.hikari.pool.HikariPool        : HikariPool-1 - Added connection org.postgresql.jdbc.PgConnection@7c048b30
2026-02-05T13:24:50.418+01:00  INFO 9268 --- [           main] com.zaxxer.hikari.HikariDataSource       : HikariPool-1 - Start completed.
2026-02-05T13:24:50.501+01:00  INFO 9268 --- [           main] org.hibernate.orm.connections.pooling    : HHH10001005: Database info:
	Database JDBC URL [jdbc:postgresql://localhost:5433/motogarage]
	Database driver: PostgreSQL JDBC Driver
	Database dialect: PostgreSQLDialect
	Database version: 18.1
	Default catalog/schema: motogarage/public
	Autocommit mode: undefined/unknown
	Isolation level: READ_COMMITTED [default READ_COMMITTED]
	JDBC fetch size: none
	Pool: DataSourceConnectionProvider
	Minimum pool size: undefined/unknown
	Maximum pool size: undefined/unknown
2026-02-05T13:24:51.277+01:00  INFO 9268 --- [           main] org.hibernate.orm.core                   : HHH000489: No JTA platform available (set 'hibernate.transaction.jta.platform' to enable JTA platform integration)
Hibernate: set client_min_messages = WARNING
Hibernate: alter table if exists mods drop constraint if exists FKpac06beipq7xve2ov1crrusp1
Hibernate: alter table if exists motorcycles drop constraint if exists FKm48ah08r83lcxtqdqrx9jdar5
Hibernate: drop table if exists mods cascade
Hibernate: drop table if exists motorcycles cascade
Hibernate: drop table if exists users cascade
Hibernate: create table mods (id bigint generated by default as identity, motorcycle_id bigint not null, brand_piece varchar(255) not null, name_piece varchar(255) not null, url_shop varchar(255), primary key (id))
Hibernate: create table motorcycles (year integer not null check ((year>=1900) and (year<=2026)), id bigint generated by default as identity, user_id bigint not null, brand varchar(255) not null, description varchar(255), model varchar(255) not null, photo_url TEXT not null, primary key (id))
Hibernate: create table users (id bigint generated by default as identity, username varchar(50) not null, email varchar(255) not null, password varchar(255) not null, photo_url TEXT, primary key (id))
Hibernate: alter table if exists mods add constraint FKpac06beipq7xve2ov1crrusp1 foreign key (motorcycle_id) references motorcycles on delete cascade
Hibernate: alter table if exists motorcycles add constraint FKm48ah08r83lcxtqdqrx9jdar5 foreign key (user_id) references users on delete cascade
2026-02-05T13:24:51.330+01:00  INFO 9268 --- [           main] j.LocalContainerEntityManagerFactoryBean : Initialized JPA EntityManagerFactory for persistence unit 'default'
2026-02-05T13:24:51.409+01:00  INFO 9268 --- [           main] o.s.d.j.r.query.QueryEnhancerFactories   : Hibernate is in classpath; If applicable, HQL parser will be used.
2026-02-05T13:24:51.750+01:00  WARN 9268 --- [           main] JpaBaseConfiguration$JpaWebConfiguration : spring.jpa.open-in-view is enabled by default. Therefore, database queries may be performed during view rendering. Explicitly configure spring.jpa.open-in-view to disable this warning
2026-02-05T13:24:52.147+01:00  INFO 9268 --- [           main] c.m.backend.BackendApplicationTests      : Started BackendApplicationTests in 3.676 seconds (process running for 4.706)
]]></system-out>
    <system-err><![CDATA[Mockito is currently self-attaching to enable the inline-mock-maker. This will no longer work in future releases of the JDK. Please add Mockito as an agent to your build as described in Mockito's documentation: https://javadoc.io/doc/org.mockito/mockito-core/latest/org.mockito/org/mockito/Mockito.html#0.3
WARNING: A Java agent has been loaded dynamically (C:\Users\Sergio\.m2\repository\net\bytebuddy\byte-buddy-agent\1.17.8\byte-buddy-agent-1.17.8.jar)
WARNING: If a serviceability tool is in use, please run with -XX:+EnableDynamicAgentLoading to hide this warning
WARNING: If a serviceability tool is not in use, please run with -Djdk.instrument.traceUsage for more information
WARNING: Dynamic loading of agents will be disallowed by default in a future release
]]></system-err>
  </testcase>
</testsuite>